2014-09-05 09:42:38,929 INFO  com.haier.openplatform.hopdeploy.deploy.service.impl.DeployScheduleServiceImpl.createDeploySchedule:44 - |                                                            |
2014-09-05 09:42:38,949 INFO  com.haier.openplatform.hopdeploy.deploy.service.impl.DeployScheduleServiceImpl.createDeploySchedule:45 - | ----------------createDeploySchedule---------------------- |
2014-09-05 09:42:38,949 INFO  com.haier.openplatform.hopdeploy.deploy.service.impl.DeployScheduleServiceImpl.createDeploySchedule:46 - |                                                            |
2014-09-05 09:42:38,950 INFO  com.haier.openplatform.hopdeploy.deploy.service.impl.DeployScheduleServiceImpl.createDeploySchedule:47 - DeploySchedule [id=null, packageName=alm.2014090501.war, executeTime=2014-09-05 09:42, executor=ALM, phoneNums=[18354231940, 15866867422, 18765901113], status=0, deployMessage=null, publishId=33]
2014-09-05 09:42:38,950 INFO  com.haier.openplatform.hopdeploy.deploy.service.impl.DeployScheduleServiceImpl.createDeploySchedule:48 - |                                                            |
2014-09-05 09:42:38,950 INFO  com.haier.openplatform.hopdeploy.deploy.service.impl.DeployScheduleServiceImpl.createDeploySchedule:49 - | ----------------createDeploySchedule---------------------- |
2014-09-05 09:42:38,951 INFO  com.haier.openplatform.hopdeploy.deploy.service.impl.DeployScheduleServiceImpl.createDeploySchedule:50 - |                                                            |
2014-09-05 09:42:40,125 INFO  com.haier.openplatform.hopdeploy.deploy.service.impl.DeployScheduleServiceImpl.createDeploySchedule:44 - |                                                            |
2014-09-05 09:42:40,126 INFO  com.haier.openplatform.hopdeploy.deploy.service.impl.DeployScheduleServiceImpl.createDeploySchedule:45 - | ----------------createDeploySchedule---------------------- |
2014-09-05 09:42:40,126 INFO  com.haier.openplatform.hopdeploy.deploy.service.impl.DeployScheduleServiceImpl.createDeploySchedule:46 - |                                                            |
2014-09-05 09:42:40,126 INFO  com.haier.openplatform.hopdeploy.deploy.service.impl.DeployScheduleServiceImpl.createDeploySchedule:47 - DeploySchedule [id=null, packageName=qdzzjs.2014090501.war, executeTime=2014-09-05 09:42, executor=ALM, phoneNums=[18354231940, 15866867422, 18765901113], status=0, deployMessage=null, publishId=34]
2014-09-05 09:42:40,127 INFO  com.haier.openplatform.hopdeploy.deploy.service.impl.DeployScheduleServiceImpl.createDeploySchedule:48 - |                                                            |
2014-09-05 09:42:40,127 INFO  com.haier.openplatform.hopdeploy.deploy.service.impl.DeployScheduleServiceImpl.createDeploySchedule:49 - | ----------------createDeploySchedule---------------------- |
2014-09-05 09:42:40,127 INFO  com.haier.openplatform.hopdeploy.deploy.service.impl.DeployScheduleServiceImpl.createDeploySchedule:50 - |                                                            |
2014-09-05 09:42:40,534 INFO  com.haier.openplatform.hopdeploy.deploy.service.impl.DeployScheduleServiceImpl.doDeploySchedule:95 - ======== DeployScheduleServiceImpl.doDeploySchedule ========
2014-09-05 09:42:40,535 INFO  com.haier.openplatform.hopdeploy.deploy.service.impl.DeployScheduleServiceImpl.doDeploySchedule:96 - id = 192, packageName = alm.2014090501.war
2014-09-05 09:42:40,536 INFO  com.haier.openplatform.hopdeploy.deploy.service.impl.DeployScheduleServiceImpl.doDeploySchedule:97 - ======== DeployScheduleServiceImpl.doDeploySchedule ========
2014-09-05 09:42:43,595 INFO  com.haier.openplatform.hopdeploy.deploy.service.impl.DeployScheduleServiceImpl.doDeploySchedule:95 - ======== DeployScheduleServiceImpl.doDeploySchedule ========
2014-09-05 09:42:43,595 INFO  com.haier.openplatform.hopdeploy.deploy.service.impl.DeployScheduleServiceImpl.doDeploySchedule:96 - id = 193, packageName = qdzzjs.2014090501.war
2014-09-05 09:42:43,596 INFO  com.haier.openplatform.hopdeploy.deploy.service.impl.DeployScheduleServiceImpl.doDeploySchedule:97 - ======== DeployScheduleServiceImpl.doDeploySchedule ========
2014-09-05 09:50:14,690 INFO  com.haier.openplatform.hopdeploy.deploy.service.impl.DeployScheduleServiceImpl.createDeploySchedule:44 - |                                                            |
2014-09-05 09:50:14,697 INFO  com.haier.openplatform.hopdeploy.deploy.service.impl.DeployScheduleServiceImpl.createDeploySchedule:45 - | ----------------createDeploySchedule---------------------- |
2014-09-05 09:50:14,697 INFO  com.haier.openplatform.hopdeploy.deploy.service.impl.DeployScheduleServiceImpl.createDeploySchedule:46 - |                                                            |
2014-09-05 09:50:14,698 INFO  com.haier.openplatform.hopdeploy.deploy.service.impl.DeployScheduleServiceImpl.createDeploySchedule:47 - DeploySchedule [id=null, packageName=alm.2014090501.war, executeTime=2014-09-05 09:50, executor=ALM, phoneNums=[18354231940, 15866867422, 18765901113], status=0, deployMessage=null, publishId=33]
2014-09-05 09:50:14,698 INFO  com.haier.openplatform.hopdeploy.deploy.service.impl.DeployScheduleServiceImpl.createDeploySchedule:48 - |                                                            |
2014-09-05 09:50:14,699 INFO  com.haier.openplatform.hopdeploy.deploy.service.impl.DeployScheduleServiceImpl.createDeploySchedule:49 - | ----------------createDeploySchedule---------------------- |
2014-09-05 09:50:14,699 INFO  com.haier.openplatform.hopdeploy.deploy.service.impl.DeployScheduleServiceImpl.createDeploySchedule:50 - |                                                            |
2014-09-05 09:50:15,462 INFO  com.haier.openplatform.hopdeploy.deploy.service.impl.DeployScheduleServiceImpl.createDeploySchedule:44 - |                                                            |
2014-09-05 09:50:15,463 INFO  com.haier.openplatform.hopdeploy.deploy.service.impl.DeployScheduleServiceImpl.createDeploySchedule:45 - | ----------------createDeploySchedule---------------------- |
2014-09-05 09:50:15,463 INFO  com.haier.openplatform.hopdeploy.deploy.service.impl.DeployScheduleServiceImpl.createDeploySchedule:46 - |                                                            |
2014-09-05 09:50:15,464 INFO  com.haier.openplatform.hopdeploy.deploy.service.impl.DeployScheduleServiceImpl.createDeploySchedule:47 - DeploySchedule [id=null, packageName=qdzzjs.2014090501.war, executeTime=2014-09-05 09:50, executor=ALM, phoneNums=[18354231940, 15866867422, 18765901113], status=0, deployMessage=null, publishId=34]
2014-09-05 09:50:15,464 INFO  com.haier.openplatform.hopdeploy.deploy.service.impl.DeployScheduleServiceImpl.createDeploySchedule:48 - |                                                            |
2014-09-05 09:50:15,464 INFO  com.haier.openplatform.hopdeploy.deploy.service.impl.DeployScheduleServiceImpl.createDeploySchedule:49 - | ----------------createDeploySchedule---------------------- |
2014-09-05 09:50:15,465 INFO  com.haier.openplatform.hopdeploy.deploy.service.impl.DeployScheduleServiceImpl.createDeploySchedule:50 - |                                                            |
2014-09-05 09:50:15,703 INFO  com.haier.openplatform.hopdeploy.deploy.service.impl.DeployScheduleServiceImpl.doDeploySchedule:95 - ======== DeployScheduleServiceImpl.doDeploySchedule ========
2014-09-05 09:50:15,703 INFO  com.haier.openplatform.hopdeploy.deploy.service.impl.DeployScheduleServiceImpl.doDeploySchedule:96 - id = 195, packageName = qdzzjs.2014090501.war
2014-09-05 09:50:15,705 INFO  com.haier.openplatform.hopdeploy.deploy.service.impl.DeployScheduleServiceImpl.doDeploySchedule:97 - ======== DeployScheduleServiceImpl.doDeploySchedule ========
2014-09-05 09:50:26,185 ERROR org.hornetq.core.client.createConnection:553 - HQ214045: Failed to create netty connection
java.net.SocketTimeoutException: connect timed out
	at java.net.PlainSocketImpl.socketConnect(Native Method)
	at java.net.PlainSocketImpl.doConnect(PlainSocketImpl.java:351)
	at java.net.PlainSocketImpl.connectToAddress(PlainSocketImpl.java:213)
	at java.net.PlainSocketImpl.connect(PlainSocketImpl.java:200)
	at java.net.SocksSocketImpl.connect(SocksSocketImpl.java:366)
	at java.net.Socket.connect(Socket.java:529)
	at org.jboss.netty.channel.socket.oio.OioClientSocketPipelineSink.connect(OioClientSocketPipelineSink.java:105)
	at org.jboss.netty.channel.socket.oio.OioClientSocketPipelineSink.eventSunk(OioClientSocketPipelineSink.java:65)
	at org.jboss.netty.channel.Channels.connect(Channels.java:634)
	at org.jboss.netty.channel.AbstractChannel.connect(AbstractChannel.java:207)
	at org.jboss.netty.bootstrap.ClientBootstrap.connect(ClientBootstrap.java:229)
	at org.jboss.netty.bootstrap.ClientBootstrap.connect(ClientBootstrap.java:182)
	at org.hornetq.core.remoting.impl.netty.NettyConnector.createConnection(NettyConnector.java:505)
	at org.hornetq.core.client.impl.ClientSessionFactoryImpl.getConnection(ClientSessionFactoryImpl.java:1225)
	at org.hornetq.core.client.impl.ClientSessionFactoryImpl.getConnectionWithRetry(ClientSessionFactoryImpl.java:1071)
	at org.hornetq.core.client.impl.ClientSessionFactoryImpl.connect(ClientSessionFactoryImpl.java:246)
	at org.hornetq.core.client.impl.ServerLocatorImpl.createSessionFactory(ServerLocatorImpl.java:826)
	at org.hornetq.jms.client.HornetQConnectionFactory.createConnectionInternal(HornetQConnectionFactory.java:583)
	at org.hornetq.jms.client.HornetQConnectionFactory.createConnection(HornetQConnectionFactory.java:107)
	at org.hornetq.jms.client.HornetQConnectionFactory.createConnection(HornetQConnectionFactory.java:102)
	at org.springframework.jms.connection.SingleConnectionFactory.doCreateConnection(SingleConnectionFactory.java:342)
	at org.springframework.jms.connection.SingleConnectionFactory.initConnection(SingleConnectionFactory.java:288)
	at org.springframework.jms.connection.SingleConnectionFactory.createConnection(SingleConnectionFactory.java:225)
	at org.springframework.jms.support.JmsAccessor.createConnection(JmsAccessor.java:184)
	at org.springframework.jms.core.JmsTemplate.access$500(JmsTemplate.java:85)
	at org.springframework.jms.core.JmsTemplate$JmsTemplateResourceFactory.createConnection(JmsTemplate.java:1031)
	at org.springframework.jms.connection.ConnectionFactoryUtils.doGetTransactionalSession(ConnectionFactoryUtils.java:297)
	at org.springframework.jms.core.JmsTemplate.execute(JmsTemplate.java:453)
	at org.springframework.jms.core.JmsTemplate.send(JmsTemplate.java:543)
	at org.springframework.jms.core.JmsTemplate.convertAndSend(JmsTemplate.java:620)
	at org.springframework.jms.core.JmsTemplate.convertAndSend(JmsTemplate.java:607)
	at com.haier.openplatform.hmc.sender.SendMsgService.sendMsg(SendMsgService.java:24)
	at com.haier.openplatform.hmc.sender.email.SendEmailService.sendEmail(SendEmailService.java:17)
	at com.haier.openplatform.hopdeploy.deploy.service.impl.TaskServiceImpl.sendEmails(TaskServiceImpl.java:313)
	at com.haier.openplatform.hopdeploy.deploy.service.impl.TaskServiceImpl$$FastClassByCGLIB$$e8938931.invoke(<generated>)
	at org.springframework.cglib.proxy.MethodProxy.invoke(MethodProxy.java:204)
	at org.springframework.aop.framework.CglibAopProxy$CglibMethodInvocation.invokeJoinpoint(CglibAopProxy.java:698)
	at org.springframework.aop.framework.ReflectiveMethodInvocation.proceed(ReflectiveMethodInvocation.java:150)
	at org.springframework.transaction.interceptor.TransactionInterceptor$1.proceedWithInvocation(TransactionInterceptor.java:96)
	at org.springframework.transaction.interceptor.TransactionAspectSupport.invokeWithinTransaction(TransactionAspectSupport.java:260)
	at org.springframework.transaction.interceptor.TransactionInterceptor.invoke(TransactionInterceptor.java:94)
	at org.springframework.aop.framework.ReflectiveMethodInvocation.proceed(ReflectiveMethodInvocation.java:172)
	at org.springframework.aop.framework.adapter.MethodBeforeAdviceInterceptor.invoke(MethodBeforeAdviceInterceptor.java:51)
	at org.springframework.aop.framework.ReflectiveMethodInvocation.proceed(ReflectiveMethodInvocation.java:172)
	at org.springframework.aop.aspectj.AspectJAfterThrowingAdvice.invoke(AspectJAfterThrowingAdvice.java:55)
	at org.springframework.aop.framework.ReflectiveMethodInvocation.proceed(ReflectiveMethodInvocation.java:172)
	at org.springframework.aop.aspectj.AspectJAfterAdvice.invoke(AspectJAfterAdvice.java:42)
	at org.springframework.aop.framework.ReflectiveMethodInvocation.proceed(ReflectiveMethodInvocation.java:172)
	at org.springframework.aop.interceptor.ExposeInvocationInterceptor.invoke(ExposeInvocationInterceptor.java:91)
	at org.springframework.aop.framework.ReflectiveMethodInvocation.proceed(ReflectiveMethodInvocation.java:172)
	at org.springframework.aop.framework.CglibAopProxy$DynamicAdvisedInterceptor.intercept(CglibAopProxy.java:631)
	at com.haier.openplatform.hopdeploy.deploy.service.impl.TaskServiceImpl$$EnhancerByCGLIB$$2bb26729.sendEmails(<generated>)
	at com.haier.openplatform.hopdeploy.deploy.service.impl.DeployScheduleServiceImpl.handleDeployMessage(DeployScheduleServiceImpl.java:156)
	at com.haier.openplatform.hopdeploy.deploy.service.impl.DeployScheduleServiceImpl.doDeploySchedule(DeployScheduleServiceImpl.java:117)
	at com.haier.openplatform.hopdeploy.deploy.service.impl.DeployScheduleServiceImpl$$FastClassByCGLIB$$87af4738.invoke(<generated>)
	at org.springframework.cglib.proxy.MethodProxy.invoke(MethodProxy.java:204)
	at org.springframework.aop.framework.CglibAopProxy$CglibMethodInvocation.invokeJoinpoint(CglibAopProxy.java:698)
	at org.springframework.aop.framework.ReflectiveMethodInvocation.proceed(ReflectiveMethodInvocation.java:150)
	at org.springframework.transaction.interceptor.TransactionInterceptor$1.proceedWithInvocation(TransactionInterceptor.java:96)
	at org.springframework.transaction.interceptor.TransactionAspectSupport.invokeWithinTransaction(TransactionAspectSupport.java:260)
	at org.springframework.transaction.interceptor.TransactionInterceptor.invoke(TransactionInterceptor.java:94)
	at org.springframework.aop.framework.ReflectiveMethodInvocation.proceed(ReflectiveMethodInvocation.java:172)
	at org.springframework.aop.framework.adapter.MethodBeforeAdviceInterceptor.invoke(MethodBeforeAdviceInterceptor.java:51)
	at org.springframework.aop.framework.ReflectiveMethodInvocation.proceed(ReflectiveMethodInvocation.java:172)
	at org.springframework.aop.aspectj.AspectJAfterThrowingAdvice.invoke(AspectJAfterThrowingAdvice.java:55)
	at org.springframework.aop.framework.ReflectiveMethodInvocation.proceed(ReflectiveMethodInvocation.java:172)
	at org.springframework.aop.aspectj.AspectJAfterAdvice.invoke(AspectJAfterAdvice.java:42)
	at org.springframework.aop.framework.ReflectiveMethodInvocation.proceed(ReflectiveMethodInvocation.java:172)
	at org.springframework.aop.interceptor.ExposeInvocationInterceptor.invoke(ExposeInvocationInterceptor.java:91)
	at org.springframework.aop.framework.ReflectiveMethodInvocation.proceed(ReflectiveMethodInvocation.java:172)
	at org.springframework.aop.framework.CglibAopProxy$DynamicAdvisedInterceptor.intercept(CglibAopProxy.java:631)
	at com.haier.openplatform.hopdeploy.deploy.service.impl.DeployScheduleServiceImpl$$EnhancerByCGLIB$$d35ac350.doDeploySchedule(<generated>)
	at com.haier.openplatform.hopdeploy.deploy.service.impl.DeployScheduleServiceImplTest_createDSFromAlm.testCreateDSFromALM(DeployScheduleServiceImplTest_createDSFromAlm.java:57)
	at sun.reflect.NativeMethodAccessorImpl.invoke0(Native Method)
	at sun.reflect.NativeMethodAccessorImpl.invoke(NativeMethodAccessorImpl.java:39)
	at sun.reflect.DelegatingMethodAccessorImpl.invoke(DelegatingMethodAccessorImpl.java:25)
	at java.lang.reflect.Method.invoke(Method.java:597)
	at org.junit.runners.model.FrameworkMethod$1.runReflectiveCall(FrameworkMethod.java:47)
	at org.junit.internal.runners.model.ReflectiveCallable.run(ReflectiveCallable.java:12)
	at org.junit.runners.model.FrameworkMethod.invokeExplosively(FrameworkMethod.java:44)
	at org.junit.internal.runners.statements.InvokeMethod.evaluate(InvokeMethod.java:17)
	at org.junit.internal.runners.statements.RunBefores.evaluate(RunBefores.java:26)
	at org.springframework.test.context.junit4.statements.RunBeforeTestMethodCallbacks.evaluate(RunBeforeTestMethodCallbacks.java:74)
	at org.springframework.test.context.junit4.statements.RunAfterTestMethodCallbacks.evaluate(RunAfterTestMethodCallbacks.java:83)
	at org.springframework.test.context.junit4.statements.SpringRepeat.evaluate(SpringRepeat.java:72)
	at org.springframework.test.context.junit4.SpringJUnit4ClassRunner.runChild(SpringJUnit4ClassRunner.java:231)
	at org.springframework.test.context.junit4.SpringJUnit4ClassRunner.runChild(SpringJUnit4ClassRunner.java:88)
	at org.junit.runners.ParentRunner$3.run(ParentRunner.java:238)
	at org.junit.runners.ParentRunner$1.schedule(ParentRunner.java:63)
	at org.junit.runners.ParentRunner.runChildren(ParentRunner.java:236)
	at org.junit.runners.ParentRunner.access$000(ParentRunner.java:53)
	at org.junit.runners.ParentRunner$2.evaluate(ParentRunner.java:229)
	at org.junit.internal.runners.statements.RunBefores.evaluate(RunBefores.java:26)
	at org.springframework.test.context.junit4.statements.RunBeforeTestClassCallbacks.evaluate(RunBeforeTestClassCallbacks.java:61)
	at org.springframework.test.context.junit4.statements.RunAfterTestClassCallbacks.evaluate(RunAfterTestClassCallbacks.java:71)
	at org.junit.runners.ParentRunner.run(ParentRunner.java:309)
	at org.springframework.test.context.junit4.SpringJUnit4ClassRunner.run(SpringJUnit4ClassRunner.java:174)
	at org.eclipse.jdt.internal.junit4.runner.JUnit4TestReference.run(JUnit4TestReference.java:50)
	at org.eclipse.jdt.internal.junit.runner.TestExecution.run(TestExecution.java:38)
	at org.eclipse.jdt.internal.junit.runner.RemoteTestRunner.runTests(RemoteTestRunner.java:467)
	at org.eclipse.jdt.internal.junit.runner.RemoteTestRunner.runTests(RemoteTestRunner.java:683)
	at org.eclipse.jdt.internal.junit.runner.RemoteTestRunner.run(RemoteTestRunner.java:390)
	at org.eclipse.jdt.internal.junit.runner.RemoteTestRunner.main(RemoteTestRunner.java:197)
2014-09-05 09:50:27,435 INFO  com.haier.openplatform.hopdeploy.deploy.service.impl.DeployScheduleServiceImpl.doDeploySchedule:95 - ======== DeployScheduleServiceImpl.doDeploySchedule ========
2014-09-05 09:50:27,435 INFO  com.haier.openplatform.hopdeploy.deploy.service.impl.DeployScheduleServiceImpl.doDeploySchedule:96 - id = 194, packageName = alm.2014090501.war
2014-09-05 09:50:27,436 INFO  com.haier.openplatform.hopdeploy.deploy.service.impl.DeployScheduleServiceImpl.doDeploySchedule:97 - ======== DeployScheduleServiceImpl.doDeploySchedule ========
2014-09-05 10:03:18,286 INFO  com.haier.openplatform.hopdeploy.deploy.service.impl.DeployScheduleServiceImpl.createDeploySchedule:44 - |                                                            |
2014-09-05 10:03:18,291 INFO  com.haier.openplatform.hopdeploy.deploy.service.impl.DeployScheduleServiceImpl.createDeploySchedule:45 - | ----------------createDeploySchedule---------------------- |
2014-09-05 10:03:18,291 INFO  com.haier.openplatform.hopdeploy.deploy.service.impl.DeployScheduleServiceImpl.createDeploySchedule:46 - |                                                            |
2014-09-05 10:03:18,292 INFO  com.haier.openplatform.hopdeploy.deploy.service.impl.DeployScheduleServiceImpl.createDeploySchedule:47 - DeploySchedule [id=null, packageName=alm.2014090501.war, executeTime=2014-09-05 10:03, executor=ALM, phoneNums=[18354231940, 15866867422, 18765901113], status=0, deployMessage=null, publishId=33]
2014-09-05 10:03:18,292 INFO  com.haier.openplatform.hopdeploy.deploy.service.impl.DeployScheduleServiceImpl.createDeploySchedule:48 - |                                                            |
2014-09-05 10:03:18,292 INFO  com.haier.openplatform.hopdeploy.deploy.service.impl.DeployScheduleServiceImpl.createDeploySchedule:49 - | ----------------createDeploySchedule---------------------- |
2014-09-05 10:03:18,293 INFO  com.haier.openplatform.hopdeploy.deploy.service.impl.DeployScheduleServiceImpl.createDeploySchedule:50 - |                                                            |
2014-09-05 10:03:19,161 INFO  com.haier.openplatform.hopdeploy.deploy.service.impl.DeployScheduleServiceImpl.createDeploySchedule:44 - |                                                            |
2014-09-05 10:03:19,162 INFO  com.haier.openplatform.hopdeploy.deploy.service.impl.DeployScheduleServiceImpl.createDeploySchedule:45 - | ----------------createDeploySchedule---------------------- |
2014-09-05 10:03:19,162 INFO  com.haier.openplatform.hopdeploy.deploy.service.impl.DeployScheduleServiceImpl.createDeploySchedule:46 - |                                                            |
2014-09-05 10:03:19,163 INFO  com.haier.openplatform.hopdeploy.deploy.service.impl.DeployScheduleServiceImpl.createDeploySchedule:47 - DeploySchedule [id=null, packageName=qdzzjs.2014090501.war, executeTime=2014-09-05 10:03, executor=ALM, phoneNums=[18354231940, 15866867422, 18765901113], status=0, deployMessage=null, publishId=34]
2014-09-05 10:03:19,163 INFO  com.haier.openplatform.hopdeploy.deploy.service.impl.DeployScheduleServiceImpl.createDeploySchedule:48 - |                                                            |
2014-09-05 10:03:19,163 INFO  com.haier.openplatform.hopdeploy.deploy.service.impl.DeployScheduleServiceImpl.createDeploySchedule:49 - | ----------------createDeploySchedule---------------------- |
2014-09-05 10:03:19,164 INFO  com.haier.openplatform.hopdeploy.deploy.service.impl.DeployScheduleServiceImpl.createDeploySchedule:50 - |                                                            |
2014-09-05 10:03:19,521 INFO  com.haier.openplatform.hopdeploy.deploy.service.impl.DeployScheduleServiceImpl.doDeploySchedule:95 - ======== DeployScheduleServiceImpl.doDeploySchedule ========
2014-09-05 10:03:19,521 INFO  com.haier.openplatform.hopdeploy.deploy.service.impl.DeployScheduleServiceImpl.doDeploySchedule:96 - id = 195, packageName = qdzzjs.2014090501.war
2014-09-05 10:03:19,524 INFO  com.haier.openplatform.hopdeploy.deploy.service.impl.DeployScheduleServiceImpl.doDeploySchedule:97 - ======== DeployScheduleServiceImpl.doDeploySchedule ========
2014-09-05 10:03:21,237 INFO  com.haier.openplatform.hopdeploy.deploy.service.impl.DeployScheduleServiceImpl.doDeploySchedule:95 - ======== DeployScheduleServiceImpl.doDeploySchedule ========
2014-09-05 10:03:21,237 INFO  com.haier.openplatform.hopdeploy.deploy.service.impl.DeployScheduleServiceImpl.doDeploySchedule:96 - id = 196, packageName = alm.2014090501.war
2014-09-05 10:03:21,238 INFO  com.haier.openplatform.hopdeploy.deploy.service.impl.DeployScheduleServiceImpl.doDeploySchedule:97 - ======== DeployScheduleServiceImpl.doDeploySchedule ========
2014-09-05 10:03:22,293 INFO  com.haier.openplatform.hopdeploy.deploy.service.impl.DeployScheduleServiceImpl.doDeploySchedule:95 - ======== DeployScheduleServiceImpl.doDeploySchedule ========
2014-09-05 10:03:22,293 INFO  com.haier.openplatform.hopdeploy.deploy.service.impl.DeployScheduleServiceImpl.doDeploySchedule:96 - id = 194, packageName = alm.2014090501.war
2014-09-05 10:03:22,294 INFO  com.haier.openplatform.hopdeploy.deploy.service.impl.DeployScheduleServiceImpl.doDeploySchedule:97 - ======== DeployScheduleServiceImpl.doDeploySchedule ========
2014-09-05 10:03:23,461 INFO  com.haier.openplatform.hopdeploy.deploy.service.impl.DeployScheduleServiceImpl.doDeploySchedule:95 - ======== DeployScheduleServiceImpl.doDeploySchedule ========
2014-09-05 10:03:23,461 INFO  com.haier.openplatform.hopdeploy.deploy.service.impl.DeployScheduleServiceImpl.doDeploySchedule:96 - id = 197, packageName = qdzzjs.2014090501.war
2014-09-05 10:03:23,461 INFO  com.haier.openplatform.hopdeploy.deploy.service.impl.DeployScheduleServiceImpl.doDeploySchedule:97 - ======== DeployScheduleServiceImpl.doDeploySchedule ========
2014-09-05 10:14:54,753 INFO  com.haier.openplatform.hopdeploy.deploy.service.impl.DeployScheduleServiceImpl.createDeploySchedule:44 - |                                                            |
2014-09-05 10:14:54,774 INFO  com.haier.openplatform.hopdeploy.deploy.service.impl.DeployScheduleServiceImpl.createDeploySchedule:45 - | ----------------createDeploySchedule---------------------- |
2014-09-05 10:14:54,774 INFO  com.haier.openplatform.hopdeploy.deploy.service.impl.DeployScheduleServiceImpl.createDeploySchedule:46 - |                                                            |
2014-09-05 10:14:54,775 INFO  com.haier.openplatform.hopdeploy.deploy.service.impl.DeployScheduleServiceImpl.createDeploySchedule:47 - DeploySchedule [id=null, packageName=qdzzjs.2014090501.war, executeTime=2014-09-05 10:14, executor=ALM, phoneNums=[18354231940, 15866867422, 18765901113], status=0, deployMessage=null, publishId=34]
2014-09-05 10:14:54,775 INFO  com.haier.openplatform.hopdeploy.deploy.service.impl.DeployScheduleServiceImpl.createDeploySchedule:48 - |                                                            |
2014-09-05 10:14:54,775 INFO  com.haier.openplatform.hopdeploy.deploy.service.impl.DeployScheduleServiceImpl.createDeploySchedule:49 - | ----------------createDeploySchedule---------------------- |
2014-09-05 10:14:54,775 INFO  com.haier.openplatform.hopdeploy.deploy.service.impl.DeployScheduleServiceImpl.createDeploySchedule:50 - |                                                            |
2014-09-05 10:14:54,958 INFO  com.haier.openplatform.hopdeploy.deploy.service.impl.DeployScheduleServiceImpl.doDeploySchedule:95 - ======== DeployScheduleServiceImpl.doDeploySchedule ========
2014-09-05 10:14:54,958 INFO  com.haier.openplatform.hopdeploy.deploy.service.impl.DeployScheduleServiceImpl.doDeploySchedule:96 - id = 198, packageName = qdzzjs.2014090501.war
2014-09-05 10:14:54,959 INFO  com.haier.openplatform.hopdeploy.deploy.service.impl.DeployScheduleServiceImpl.doDeploySchedule:97 - ======== DeployScheduleServiceImpl.doDeploySchedule ========
2014-09-05 10:14:55,617 INFO  com.haier.openplatform.hopdeploy.deploy.service.impl.TaskServiceImpl.deployTask:101 - ========================= TaskServiceImpl.deployTask =======================
2014-09-05 10:14:55,617 INFO  com.haier.openplatform.hopdeploy.deploy.service.impl.TaskServiceImpl.deployTask:103 - 10.135.13.18
2014-09-05 10:14:55,617 INFO  com.haier.openplatform.hopdeploy.deploy.service.impl.TaskServiceImpl.deployTask:104 - bvs
2014-09-05 10:14:55,617 INFO  com.haier.openplatform.hopdeploy.deploy.service.impl.TaskServiceImpl.deployTask:105 - Haier,bvs18
2014-09-05 10:14:55,618 INFO  com.haier.openplatform.hopdeploy.deploy.service.impl.TaskServiceImpl.deployTask:106 - 10.135.13.18
2014-09-05 10:14:55,618 INFO  com.haier.openplatform.hopdeploy.deploy.service.impl.TaskServiceImpl.deployTask:107 - webftp
2014-09-05 10:14:55,619 INFO  com.haier.openplatform.hopdeploy.deploy.service.impl.TaskServiceImpl.deployTask:108 - webftp
2014-09-05 10:14:55,619 INFO  com.haier.openplatform.hopdeploy.deploy.service.impl.TaskServiceImpl.deployTask:109 - qdzzjs.2014090501.war
2014-09-05 10:14:55,619 INFO  com.haier.openplatform.hopdeploy.deploy.service.impl.TaskServiceImpl.deployTask:111 - ========================= TaskServiceImpl.deployTask =======================
2014-09-05 10:14:55,715 INFO  com.haier.openplatform.hopdeploy.deploy.service.impl.TaskServiceImpl.deployTask:187 - ================== weblogic command ====================
2014-09-05 10:14:55,716 INFO  com.haier.openplatform.hopdeploy.deploy.service.impl.TaskServiceImpl.deployTask:188 - ./autodeploy_v_1.sh  HRDeployer HR,deploy webftp webftp 10.135.13.18 10.135.13.18 t3://10.135.13.18:7001 qdzzjs.2014090501.war 1
2014-09-05 10:14:55,716 INFO  com.haier.openplatform.hopdeploy.deploy.service.impl.TaskServiceImpl.deployTask:189 - ================== weblogic command ====================
